<?xml version="1.0" encoding="UTF-8"?>
<!-- Generated by org.testng.reporters.JUnitReportReporter -->
<testsuite hostname="MacBook-Pro.local" failures="0" tests="2" name="api.test.UserTests" time="0.353" errors="0" timestamp="2024-11-27T18:26:34 EST" skipped="0">
  <testcase classname="api.test.UserTests" name="testPostUser" time="0.169"/>
  <testcase classname="api.test.UserTests" name="getUserByName" time="0.184"/>
</testsuite> <!-- api.test.UserTests -->
