<?xml version="1.0" encoding="UTF-8"?>
<!-- Generated by org.testng.reporters.JUnitReportReporter -->
<testsuite hostname="MacBook-Pro.local" failures="0" tests="14" name="api.test.PetTest" time="3.991" errors="0" timestamp="2024-11-27T18:26:34 EST" skipped="0">
  <testcase classname="api.test.PetTest" name="testCreatePet" time="0.167"/>
  <testcase classname="api.test.PetTest" name="testCreatePet" time="0.213"/>
  <testcase classname="api.test.PetTest" name="testCreatePet" time="0.184"/>
  <testcase classname="api.test.PetTest" name="testCreatePet" time="0.187"/>
  <testcase classname="api.test.PetTest" name="testCreatePet" time="0.163"/>
  <testcase classname="api.test.PetTest" name="testCreatePet" time="1.570"/>
  <testcase classname="api.test.PetTest" name="testCreatePet" time="0.237"/>
  <testcase classname="api.test.PetTest" name="deletePet" time="0.191"/>
  <testcase classname="api.test.PetTest" name="deletePet" time="0.196"/>
  <testcase classname="api.test.PetTest" name="deletePet" time="0.122"/>
  <testcase classname="api.test.PetTest" name="deletePet" time="0.244"/>
  <testcase classname="api.test.PetTest" name="deletePet" time="0.153"/>
  <testcase classname="api.test.PetTest" name="deletePet" time="0.139"/>
  <testcase classname="api.test.PetTest" name="deletePet" time="0.225"/>
</testsuite> <!-- api.test.PetTest -->
